<?xml version="1.0" encoding="UTF-8"?>
<Site BuildName="(empty)"
	BuildStamp="20240926-2207-Experimental"
	Name="Cthulu"
	Generator="ctest-3.30.2"
	CompilerName="/usr/bin/clang++"
	CompilerVersion="18.1.8"
	OSName="Linux"
	Hostname="Cthulu"
	OSRelease="6.8.0-40-generic"
	OSVersion="#40~22.04.3-Ubuntu SMP PREEMPT_DYNAMIC Tue Jul 30 17:30:19 UTC 2"
	OSPlatform="x86_64"
	Is64Bits="1"
	VendorString="AuthenticAMD"
	VendorID="Advanced Micro Devices"
	FamilyID="25"
	ModelID="117"
	ProcessorCacheSize="1024"
	NumberOfLogicalCPU="16"
	NumberOfPhysicalCPU="8"
	TotalVirtualMemory="0"
	TotalPhysicalMemory="15276"
	LogicalProcessorsPerPhysical="2"
	ProcessorClockFrequency="3443.31"
	>
	<Testing>
		<StartDateTime>Sep 26 18:41 EDT</StartDateTime>
		<StartTestTime>1727390511</StartTestTime>
		<TestList/>
		<EndDateTime>Sep 26 18:41 EDT</EndDateTime>
		<EndTestTime>1727390511</EndTestTime>
		<ElapsedMinutes>0</ElapsedMinutes>
	</Testing>
</Site>
